# JRE version: OpenJDK Runtime Environment (8.0_202-b03) (build 1.8.0_202-release-1483-b03)
# Java VM: OpenJDK 64-Bit Server VM (25.202-b03 mixed mode windows-amd64 compressed oops)
Heap:
 PSYoungGen      total 213504K, used 43897K [0x00000000e0000000, 0x00000000f0e00000, 0x0000000100000000)
  eden space 197120K, 13% used [0x00000000e0000000,0x00000000e1ade778,0x00000000ec080000)
  from space 16384K, 99% used [0x00000000ec080000,0x00000000ed07fd60,0x00000000ed080000)
  to   space 27136K, 0% used [0x00000000ef380000,0x00000000ef380000,0x00000000f0e00000)
 ParOldGen       total 67584K, used 52674K [0x00000000a0000000, 0x00000000a4200000, 0x00000000e0000000)
  object space 67584K, 77% used [0x00000000a0000000,0x00000000a3370a98,0x00000000a4200000)
 Metaspace       used 70231K, capacity 72438K, committed 72616K, reserved 1112064K
  class space    used 9247K, capacity 9798K, committed 9896K, reserved 1048576K
GC Heap History (10 events):
Event: 24.945 GC heap before
{Heap before GC invocations=18 (full 2):
 PSYoungGen      total 112640K, used 112611K [0x00000000e0000000, 0x00000000eb180000, 0x0000000100000000)
  eden space 103936K, 100% used [0x00000000e0000000,0x00000000e6580000,0x00000000e6580000)
  from space 8704K, 99% used [0x00000000e6580000,0x00000000e6df8f80,0x00000000e6e00000)
  to   space 11776K, 0% used [0x00000000ea600000,0x00000000ea600000,0x00000000eb180000)
 ParOldGen       total 42496K, used 20557K [0x00000000a0000000, 0x00000000a2980000, 0x00000000e0000000)
  object space 42496K, 48% used [0x00000000a0000000,0x00000000a14137c8,0x00000000a2980000)
 Metaspace       used 54285K, capacity 55722K, committed 55976K, reserved 1097728K
  class space    used 7326K, capacity 7738K, committed 7848K, reserved 1048576K
Event: 24.975 GC heap after
Heap after GC invocations=18 (full 2):
 PSYoungGen      total 165376K, used 11755K [0x00000000e0000000, 0x00000000eb880000, 0x0000000100000000)
  eden space 153600K, 0% used [0x00000000e0000000,0x00000000e0000000,0x00000000e9600000)
  from space 11776K, 99% used [0x00000000ea600000,0x00000000eb17ac40,0x00000000eb180000)
  to   space 16384K, 0% used [0x00000000e9600000,0x00000000e9600000,0x00000000ea600000)
 ParOldGen       total 42496K, used 27470K [0x00000000a0000000, 0x00000000a2980000, 0x00000000e0000000)
  object space 42496K, 64% used [0x00000000a0000000,0x00000000a1ad3a70,0x00000000a2980000)
 Metaspace       used 54285K, capacity 55722K, committed 55976K, reserved 1097728K
  class space    used 7326K, capacity 7738K, committed 7848K, reserved 1048576K
}
Event: 26.505 GC heap before
{Heap before GC invocations=19 (full 2):
 PSYoungGen      total 165376K, used 66508K [0x00000000e0000000, 0x00000000eb880000, 0x0000000100000000)
  eden space 153600K, 35% used [0x00000000e0000000,0x00000000e35785a0,0x00000000e9600000)
  from space 11776K, 99% used [0x00000000ea600000,0x00000000eb17ac40,0x00000000eb180000)
  to   space 16384K, 0% used [0x00000000e9600000,0x00000000e9600000,0x00000000ea600000)
 ParOldGen       total 42496K, used 27470K [0x00000000a0000000, 0x00000000a2980000, 0x00000000e0000000)
  object space 42496K, 64% used [0x00000000a0000000,0x00000000a1ad3a70,0x00000000a2980000)
 Metaspace       used 57602K, capacity 59120K, committed 59160K, reserved 1099776K
  class space    used 7815K, capacity 8195K, committed 8232K, reserved 1048576K
Event: 26.523 GC heap after
Heap after GC invocations=19 (full 2):
 PSYoungGen      total 169984K, used 4951K [0x00000000e0000000, 0x00000000ee400000, 0x0000000100000000)
  eden space 153600K, 0% used [0x00000000e0000000,0x00000000e0000000,0x00000000e9600000)
  from space 16384K, 30% used [0x00000000e9600000,0x00000000e9ad5c50,0x00000000ea600000)
  to   space 15360K, 0% used [0x00000000ed500000,0x00000000ed500000,0x00000000ee400000)
 ParOldGen       total 42496K, used 32473K [0x00000000a0000000, 0x00000000a2980000, 0x00000000e0000000)
  object space 42496K, 76% used [0x00000000a0000000,0x00000000a1fb64a0,0x00000000a2980000)
 Metaspace       used 57602K, capacity 59120K, committed 59160K, reserved 1099776K
  class space    used 7815K, capacity 8195K, committed 8232K, reserved 1048576K
}
Event: 26.523 GC heap before
{Heap before GC invocations=20 (full 3):
 PSYoungGen      total 169984K, used 4951K [0x00000000e0000000, 0x00000000ee400000, 0x0000000100000000)
  eden space 153600K, 0% used [0x00000000e0000000,0x00000000e0000000,0x00000000e9600000)
  from space 16384K, 30% used [0x00000000e9600000,0x00000000e9ad5c50,0x00000000ea600000)
  to   space 15360K, 0% used [0x00000000ed500000,0x00000000ed500000,0x00000000ee400000)
 ParOldGen       total 42496K, used 32473K [0x00000000a0000000, 0x00000000a2980000, 0x00000000e0000000)
  object space 42496K, 76% used [0x00000000a0000000,0x00000000a1fb64a0,0x00000000a2980000)
 Metaspace       used 57602K, capacity 59120K, committed 59160K, reserved 1099776K
  class space    used 7815K, capacity 8195K, committed 8232K, reserved 1048576K
Event: 27.215 GC heap after
Heap after GC invocations=20 (full 3):
 PSYoungGen      total 169984K, used 0K [0x00000000e0000000, 0x00000000ee400000, 0x0000000100000000)
  eden space 153600K, 0% used [0x00000000e0000000,0x00000000e0000000,0x00000000e9600000)
  from space 16384K, 0% used [0x00000000e9600000,0x00000000e9600000,0x00000000ea600000)
  to   space 15360K, 0% used [0x00000000ed500000,0x00000000ed500000,0x00000000ee400000)
 ParOldGen       total 67584K, used 30560K [0x00000000a0000000, 0x00000000a4200000, 0x00000000e0000000)
  object space 67584K, 45% used [0x00000000a0000000,0x00000000a1dd82f8,0x00000000a4200000)
 Metaspace       used 57602K, capacity 59120K, committed 59160K, reserved 1099776K
  class space    used 7815K, capacity 8195K, committed 8232K, reserved 1048576K
}
Event: 30.694 GC heap before
{Heap before GC invocations=21 (full 3):
 PSYoungGen      total 169984K, used 153600K [0x00000000e0000000, 0x00000000ee400000, 0x0000000100000000)
  eden space 153600K, 100% used [0x00000000e0000000,0x00000000e9600000,0x00000000e9600000)
  from space 16384K, 0% used [0x00000000e9600000,0x00000000e9600000,0x00000000ea600000)
  to   space 15360K, 0% used [0x00000000ed500000,0x00000000ed500000,0x00000000ee400000)
 ParOldGen       total 67584K, used 30560K [0x00000000a0000000, 0x00000000a4200000, 0x00000000e0000000)
  object space 67584K, 45% used [0x00000000a0000000,0x00000000a1dd82f8,0x00000000a4200000)
 Metaspace       used 61778K, capacity 63856K, committed 64040K, reserved 1103872K
  class space    used 8376K, capacity 8885K, committed 9000K, reserved 1048576K
Event: 30.725 GC heap after
Heap after GC invocations=21 (full 3):
 PSYoungGen      total 198656K, used 11432K [0x00000000e0000000, 0x00000000ee080000, 0x0000000100000000)
  eden space 186880K, 0% used [0x00000000e0000000,0x00000000e0000000,0x00000000eb680000)
  from space 11776K, 97% used [0x00000000ed500000,0x00000000ee02a2a0,0x00000000ee080000)
  to   space 16384K, 0% used [0x00000000ec080000,0x00000000ec080000,0x00000000ed080000)
 ParOldGen       total 67584K, used 30568K [0x00000000a0000000, 0x00000000a4200000, 0x00000000e0000000)
  object space 67584K, 45% used [0x00000000a0000000,0x00000000a1dda2f8,0x00000000a4200000)
 Metaspace       used 61778K, capacity 63856K, committed 64040K, reserved 1103872K
  class space    used 8376K, capacity 8885K, committed 9000K, reserved 1048576K
}
Event: 42.520 GC heap before
{Heap before GC invocations=22 (full 3):
 PSYoungGen      total 198656K, used 198280K [0x00000000e0000000, 0x00000000ee080000, 0x0000000100000000)
  eden space 186880K, 99% used [0x00000000e0000000,0x00000000eb678140,0x00000000eb680000)
  from space 11776K, 97% used [0x00000000ed500000,0x00000000ee02a2a0,0x00000000ee080000)
  to   space 16384K, 0% used [0x00000000ec080000,0x00000000ec080000,0x00000000ed080000)
 ParOldGen       total 67584K, used 30568K [0x00000000a0000000, 0x00000000a4200000, 0x00000000e0000000)
  object space 67584K, 45% used [0x00000000a0000000,0x00000000a1dda2f8,0x00000000a4200000)
 Metaspace       used 69179K, capacity 71318K, committed 71464K, reserved 1112064K
  class space    used 9167K, capacity 9702K, committed 9768K, reserved 1048576K
Event: 42.580 GC heap after
Heap after GC invocations=22 (full 3):
 PSYoungGen      total 213504K, used 16383K [0x00000000e0000000, 0x00000000f0e00000, 0x0000000100000000)
  eden space 197120K, 0% used [0x00000000e0000000,0x00000000e0000000,0x00000000ec080000)
  from space 16384K, 99% used [0x00000000ec080000,0x00000000ed07fd60,0x00000000ed080000)
  to   space 27136K, 0% used [0x00000000ef380000,0x00000000ef380000,0x00000000f0e00000)
 ParOldGen       total 67584K, used 52674K [0x00000000a0000000, 0x00000000a4200000, 0x00000000e0000000)
  object space 67584K, 77% used [0x00000000a0000000,0x00000000a3370a98,0x00000000a4200000)
 Metaspace       used 69179K, capacity 71318K, committed 71464K, reserved 1112064K
  class space    used 9167K, capacity 9702K, committed 9768K, reserved 1048576K
}

