# JRE version: OpenJDK Runtime Environment (8.0_202-b03) (build 1.8.0_202-release-1483-b03)
# Java VM: OpenJDK 64-Bit Server VM (25.202-b03 mixed mode windows-amd64 compressed oops)
Heap:
 PSYoungGen      total 161280K, used 26357K [0x00000000e0000000, 0x00000000ecc80000, 0x0000000100000000)
  eden space 144384K, 6% used [0x00000000e0000000,0x00000000e093f730,0x00000000e8d00000)
  from space 16896K, 99% used [0x00000000e8d00000,0x00000000e9d7e098,0x00000000e9d80000)
  to   space 23552K, 0% used [0x00000000eb580000,0x00000000eb580000,0x00000000ecc80000)
 ParOldGen       total 81408K, used 44745K [0x00000000a0000000, 0x00000000a4f80000, 0x00000000e0000000)
  object space 81408K, 54% used [0x00000000a0000000,0x00000000a2bb2698,0x00000000a4f80000)
 Metaspace       used 76526K, capacity 80522K, committed 80664K, reserved 1118208K
  class space    used 10403K, capacity 11178K, committed 11304K, reserved 1048576K
GC Heap History (10 events):
Event: 12.498 GC heap before
{Heap before GC invocations=18 (full 2):
 PSYoungGen      total 116224K, used 92980K [0x00000000e0000000, 0x00000000e9a00000, 0x0000000100000000)
  eden space 106496K, 78% used [0x00000000e0000000,0x00000000e5150858,0x00000000e6800000)
  from space 9728K, 99% used [0x00000000e6800000,0x00000000e717cb08,0x00000000e7180000)
  to   space 13824K, 0% used [0x00000000e8c80000,0x00000000e8c80000,0x00000000e9a00000)
 ParOldGen       total 52224K, used 28140K [0x00000000a0000000, 0x00000000a3300000, 0x00000000e0000000)
  object space 52224K, 53% used [0x00000000a0000000,0x00000000a1b7b2b8,0x00000000a3300000)
 Metaspace       used 57460K, capacity 59068K, committed 59160K, reserved 1099776K
  class space    used 7793K, capacity 8193K, committed 8232K, reserved 1048576K
Event: 12.513 GC heap after
Heap after GC invocations=18 (full 2):
 PSYoungGen      total 143872K, used 8577K [0x00000000e0000000, 0x00000000ea100000, 0x0000000100000000)
  eden space 130048K, 0% used [0x00000000e0000000,0x00000000e0000000,0x00000000e7f00000)
  from space 13824K, 62% used [0x00000000e8c80000,0x00000000e94e0728,0x00000000e9a00000)
  to   space 13824K, 0% used [0x00000000e7f00000,0x00000000e7f00000,0x00000000e8c80000)
 ParOldGen       total 52224K, used 33206K [0x00000000a0000000, 0x00000000a3300000, 0x00000000e0000000)
  object space 52224K, 63% used [0x00000000a0000000,0x00000000a206db48,0x00000000a3300000)
 Metaspace       used 57460K, capacity 59068K, committed 59160K, reserved 1099776K
  class space    used 7793K, capacity 8193K, committed 8232K, reserved 1048576K
}
Event: 12.513 GC heap before
{Heap before GC invocations=19 (full 3):
 PSYoungGen      total 143872K, used 8577K [0x00000000e0000000, 0x00000000ea100000, 0x0000000100000000)
  eden space 130048K, 0% used [0x00000000e0000000,0x00000000e0000000,0x00000000e7f00000)
  from space 13824K, 62% used [0x00000000e8c80000,0x00000000e94e0728,0x00000000e9a00000)
  to   space 13824K, 0% used [0x00000000e7f00000,0x00000000e7f00000,0x00000000e8c80000)
 ParOldGen       total 52224K, used 33206K [0x00000000a0000000, 0x00000000a3300000, 0x00000000e0000000)
  object space 52224K, 63% used [0x00000000a0000000,0x00000000a206db48,0x00000000a3300000)
 Metaspace       used 57460K, capacity 59068K, committed 59160K, reserved 1099776K
  class space    used 7793K, capacity 8193K, committed 8232K, reserved 1048576K
Event: 12.747 GC heap after
Heap after GC invocations=19 (full 3):
 PSYoungGen      total 143872K, used 0K [0x00000000e0000000, 0x00000000ea100000, 0x0000000100000000)
  eden space 130048K, 0% used [0x00000000e0000000,0x00000000e0000000,0x00000000e7f00000)
  from space 13824K, 0% used [0x00000000e8c80000,0x00000000e8c80000,0x00000000e9a00000)
  to   space 13824K, 0% used [0x00000000e7f00000,0x00000000e7f00000,0x00000000e8c80000)
 ParOldGen       total 81408K, used 32289K [0x00000000a0000000, 0x00000000a4f80000, 0x00000000e0000000)
  object space 81408K, 39% used [0x00000000a0000000,0x00000000a1f88760,0x00000000a4f80000)
 Metaspace       used 57460K, capacity 59068K, committed 59160K, reserved 1099776K
  class space    used 7793K, capacity 8193K, committed 8232K, reserved 1048576K
}
Event: 14.660 GC heap before
{Heap before GC invocations=20 (full 3):
 PSYoungGen      total 143872K, used 130048K [0x00000000e0000000, 0x00000000ea100000, 0x0000000100000000)
  eden space 130048K, 100% used [0x00000000e0000000,0x00000000e7f00000,0x00000000e7f00000)
  from space 13824K, 0% used [0x00000000e8c80000,0x00000000e8c80000,0x00000000e9a00000)
  to   space 13824K, 0% used [0x00000000e7f00000,0x00000000e7f00000,0x00000000e8c80000)
 ParOldGen       total 81408K, used 32289K [0x00000000a0000000, 0x00000000a4f80000, 0x00000000e0000000)
  object space 81408K, 39% used [0x00000000a0000000,0x00000000a1f88760,0x00000000a4f80000)
 Metaspace       used 61465K, capacity 63754K, committed 64024K, reserved 1103872K
  class space    used 8376K, capacity 8910K, committed 9000K, reserved 1048576K
Event: 14.674 GC heap after
Heap after GC invocations=20 (full 3):
 PSYoungGen      total 143872K, used 10698K [0x00000000e0000000, 0x00000000eac00000, 0x0000000100000000)
  eden space 130048K, 0% used [0x00000000e0000000,0x00000000e0000000,0x00000000e7f00000)
  from space 13824K, 77% used [0x00000000e7f00000,0x00000000e8972b38,0x00000000e8c80000)
  to   space 14848K, 0% used [0x00000000e9d80000,0x00000000e9d80000,0x00000000eac00000)
 ParOldGen       total 81408K, used 32297K [0x00000000a0000000, 0x00000000a4f80000, 0x00000000e0000000)
  object space 81408K, 39% used [0x00000000a0000000,0x00000000a1f8a760,0x00000000a4f80000)
 Metaspace       used 61465K, capacity 63754K, committed 64024K, reserved 1103872K
  class space    used 8376K, capacity 8910K, committed 9000K, reserved 1048576K
}
Event: 17.968 GC heap before
{Heap before GC invocations=21 (full 3):
 PSYoungGen      total 143872K, used 140746K [0x00000000e0000000, 0x00000000eac00000, 0x0000000100000000)
  eden space 130048K, 100% used [0x00000000e0000000,0x00000000e7f00000,0x00000000e7f00000)
  from space 13824K, 77% used [0x00000000e7f00000,0x00000000e8972b38,0x00000000e8c80000)
  to   space 14848K, 0% used [0x00000000e9d80000,0x00000000e9d80000,0x00000000eac00000)
 ParOldGen       total 81408K, used 32297K [0x00000000a0000000, 0x00000000a4f80000, 0x00000000e0000000)
  object space 81408K, 39% used [0x00000000a0000000,0x00000000a1f8a760,0x00000000a4f80000)
 Metaspace       used 67618K, capacity 69962K, committed 70168K, reserved 1110016K
  class space    used 8952K, capacity 9486K, committed 9512K, reserved 1048576K
Event: 17.994 GC heap after
Heap after GC invocations=21 (full 3):
 PSYoungGen      total 159232K, used 14484K [0x00000000e0000000, 0x00000000eaf00000, 0x0000000100000000)
  eden space 144384K, 0% used [0x00000000e0000000,0x00000000e0000000,0x00000000e8d00000)
  from space 14848K, 97% used [0x00000000e9d80000,0x00000000eaba5200,0x00000000eac00000)
  to   space 16896K, 0% used [0x00000000e8d00000,0x00000000e8d00000,0x00000000e9d80000)
 ParOldGen       total 81408K, used 32305K [0x00000000a0000000, 0x00000000a4f80000, 0x00000000e0000000)
  object space 81408K, 39% used [0x00000000a0000000,0x00000000a1f8c760,0x00000000a4f80000)
 Metaspace       used 67618K, capacity 69962K, committed 70168K, reserved 1110016K
  class space    used 8952K, capacity 9486K, committed 9512K, reserved 1048576K
}
Event: 20.635 GC heap before
{Heap before GC invocations=22 (full 3):
 PSYoungGen      total 159232K, used 158858K [0x00000000e0000000, 0x00000000eaf00000, 0x0000000100000000)
  eden space 144384K, 99% used [0x00000000e0000000,0x00000000e8cfd778,0x00000000e8d00000)
  from space 14848K, 97% used [0x00000000e9d80000,0x00000000eaba5200,0x00000000eac00000)
  to   space 16896K, 0% used [0x00000000e8d00000,0x00000000e8d00000,0x00000000e9d80000)
 ParOldGen       total 81408K, used 32305K [0x00000000a0000000, 0x00000000a4f80000, 0x00000000e0000000)
  object space 81408K, 39% used [0x00000000a0000000,0x00000000a1f8c760,0x00000000a4f80000)
 Metaspace       used 75961K, capacity 79892K, committed 80152K, reserved 1118208K
  class space    used 10268K, capacity 11031K, committed 11048K, reserved 1048576K
Event: 20.683 GC heap after
Heap after GC invocations=22 (full 3):
 PSYoungGen      total 161280K, used 16888K [0x00000000e0000000, 0x00000000ecc80000, 0x0000000100000000)
  eden space 144384K, 0% used [0x00000000e0000000,0x00000000e0000000,0x00000000e8d00000)
  from space 16896K, 99% used [0x00000000e8d00000,0x00000000e9d7e098,0x00000000e9d80000)
  to   space 23552K, 0% used [0x00000000eb580000,0x00000000eb580000,0x00000000ecc80000)
 ParOldGen       total 81408K, used 44745K [0x00000000a0000000, 0x00000000a4f80000, 0x00000000e0000000)
  object space 81408K, 54% used [0x00000000a0000000,0x00000000a2bb2698,0x00000000a4f80000)
 Metaspace       used 75961K, capacity 79892K, committed 80152K, reserved 1118208K
  class space    used 10268K, capacity 11031K, committed 11048K, reserved 1048576K
}

